
*** Running vivado
    with args -log design_1_mii_to_rmii_0_1.vds -m64 -product Vivado -mode batch -messageDb vivado.pb -notrace -source design_1_mii_to_rmii_0_1.tcl


****** Vivado v2016.3 (64-bit)
  **** SW Build 1682563 on Mon Oct 10 19:07:27 MDT 2016
  **** IP Build 1681267 on Mon Oct 10 21:28:31 MDT 2016
    ** Copyright 1986-2016 Xilinx, Inc. All Rights Reserved.

source design_1_mii_to_rmii_0_1.tcl -notrace
Starting RTL Elaboration : Time (s): cpu = 00:00:09 ; elapsed = 00:00:18 . Memory (MB): peak = 368.703 ; gain = 157.578
INFO: [Synth 8-638] synthesizing module 'design_1_mii_to_rmii_0_1' [w:/Desktop/ethernet/ethernet.srcs/sources_1/bd/design_1/ip/design_1_mii_to_rmii_0_1/synth/design_1_mii_to_rmii_0_1.vhd:81]
INFO: [Synth 8-638] synthesizing module 'mii_to_rmii' [w:/Desktop/ethernet/ethernet.srcs/sources_1/bd/design_1/ipshared/ef5a/hdl/mii_to_rmii_v2_0_vh_rfs.vhd:4218]
INFO: [Synth 8-638] synthesizing module 'rmii_tx_fixed' [w:/Desktop/ethernet/ethernet.srcs/sources_1/bd/design_1/ipshared/ef5a/hdl/mii_to_rmii_v2_0_vh_rfs.vhd:1751]
INFO: [Synth 8-256] done synthesizing module 'rmii_tx_fixed' (1#1) [w:/Desktop/ethernet/ethernet.srcs/sources_1/bd/design_1/ipshared/ef5a/hdl/mii_to_rmii_v2_0_vh_rfs.vhd:1751]
INFO: [Synth 8-638] synthesizing module 'rmii_rx_fixed' [w:/Desktop/ethernet/ethernet.srcs/sources_1/bd/design_1/ipshared/ef5a/hdl/mii_to_rmii_v2_0_vh_rfs.vhd:2664]
INFO: [Synth 8-638] synthesizing module 'SRL_FIFO' [w:/Desktop/ethernet/ethernet.srcs/sources_1/bd/design_1/ipshared/ef5a/hdl/mii_to_rmii_v2_0_vh_rfs.vhd:1454]
INFO: [Synth 8-638] synthesizing module 'FDR' [C:/Xilinx/Vivado/2016.3/scripts/rt/data/unisim_comp.v:3951]
INFO: [Synth 8-256] done synthesizing module 'FDR' (2#1) [C:/Xilinx/Vivado/2016.3/scripts/rt/data/unisim_comp.v:3951]
INFO: [Synth 8-638] synthesizing module 'MUXCY_L' [C:/Xilinx/Vivado/2016.3/scripts/rt/data/unisim_comp.v:21293]
INFO: [Synth 8-256] done synthesizing module 'MUXCY_L' (3#1) [C:/Xilinx/Vivado/2016.3/scripts/rt/data/unisim_comp.v:21293]
INFO: [Synth 8-638] synthesizing module 'XORCY' [C:/Xilinx/Vivado/2016.3/scripts/rt/data/unisim_comp.v:45340]
INFO: [Synth 8-256] done synthesizing module 'XORCY' (4#1) [C:/Xilinx/Vivado/2016.3/scripts/rt/data/unisim_comp.v:45340]
INFO: [Synth 8-638] synthesizing module 'FDRE' [C:/Xilinx/Vivado/2016.3/scripts/rt/data/unisim_comp.v:3964]
INFO: [Synth 8-256] done synthesizing module 'FDRE' (5#1) [C:/Xilinx/Vivado/2016.3/scripts/rt/data/unisim_comp.v:3964]
INFO: [Synth 8-638] synthesizing module 'SRL16E' [C:/Xilinx/Vivado/2016.3/scripts/rt/data/unisim_comp.v:43328]
INFO: [Synth 8-256] done synthesizing module 'SRL16E' (6#1) [C:/Xilinx/Vivado/2016.3/scripts/rt/data/unisim_comp.v:43328]
INFO: [Synth 8-256] done synthesizing module 'SRL_FIFO' (7#1) [w:/Desktop/ethernet/ethernet.srcs/sources_1/bd/design_1/ipshared/ef5a/hdl/mii_to_rmii_v2_0_vh_rfs.vhd:1454]
INFO: [Synth 8-256] done synthesizing module 'rmii_rx_fixed' (8#1) [w:/Desktop/ethernet/ethernet.srcs/sources_1/bd/design_1/ipshared/ef5a/hdl/mii_to_rmii_v2_0_vh_rfs.vhd:2664]
INFO: [Synth 8-256] done synthesizing module 'mii_to_rmii' (9#1) [w:/Desktop/ethernet/ethernet.srcs/sources_1/bd/design_1/ipshared/ef5a/hdl/mii_to_rmii_v2_0_vh_rfs.vhd:4218]
INFO: [Synth 8-256] done synthesizing module 'design_1_mii_to_rmii_0_1' (10#1) [w:/Desktop/ethernet/ethernet.srcs/sources_1/bd/design_1/ip/design_1_mii_to_rmii_0_1/synth/design_1_mii_to_rmii_0_1.vhd:81]
Finished RTL Elaboration : Time (s): cpu = 00:00:10 ; elapsed = 00:00:20 . Memory (MB): peak = 406.977 ; gain = 195.852
Finished RTL Optimization Phase 1 : Time (s): cpu = 00:00:10 ; elapsed = 00:00:21 . Memory (MB): peak = 406.977 ; gain = 195.852
INFO: [Device 21-403] Loading part xc7a100tcsg324-1
Constraint Validation Runtime : Time (s): cpu = 00:00:00 ; elapsed = 00:00:00.031 . Memory (MB): peak = 714.000 ; gain = 0.000
Finished Constraint Validation : Time (s): cpu = 00:00:20 ; elapsed = 00:00:36 . Memory (MB): peak = 714.000 ; gain = 502.875
Finished Loading Part and Timing Information : Time (s): cpu = 00:00:20 ; elapsed = 00:00:36 . Memory (MB): peak = 714.000 ; gain = 502.875
Finished applying 'set_property' XDC Constraints : Time (s): cpu = 00:00:20 ; elapsed = 00:00:36 . Memory (MB): peak = 714.000 ; gain = 502.875
Finished RTL Optimization Phase 2 : Time (s): cpu = 00:00:20 ; elapsed = 00:00:36 . Memory (MB): peak = 714.000 ; gain = 502.875
Finished Cross Boundary and Area Optimization : Time (s): cpu = 00:00:21 ; elapsed = 00:00:37 . Memory (MB): peak = 714.000 ; gain = 502.875
Finished Applying XDC Timing Constraints : Time (s): cpu = 00:00:31 ; elapsed = 00:00:48 . Memory (MB): peak = 714.000 ; gain = 502.875
Finished Timing Optimization : Time (s): cpu = 00:00:31 ; elapsed = 00:00:48 . Memory (MB): peak = 714.000 ; gain = 502.875
Finished Technology Mapping : Time (s): cpu = 00:00:31 ; elapsed = 00:00:48 . Memory (MB): peak = 714.000 ; gain = 502.875
Finished IO Insertion : Time (s): cpu = 00:00:32 ; elapsed = 00:00:48 . Memory (MB): peak = 714.000 ; gain = 502.875
Finished Renaming Generated Instances : Time (s): cpu = 00:00:32 ; elapsed = 00:00:48 . Memory (MB): peak = 714.000 ; gain = 502.875
Finished Rebuilding User Hierarchy : Time (s): cpu = 00:00:32 ; elapsed = 00:00:48 . Memory (MB): peak = 714.000 ; gain = 502.875
Finished Renaming Generated Ports : Time (s): cpu = 00:00:32 ; elapsed = 00:00:48 . Memory (MB): peak = 714.000 ; gain = 502.875
Finished Handling Custom Attributes : Time (s): cpu = 00:00:32 ; elapsed = 00:00:48 . Memory (MB): peak = 714.000 ; gain = 502.875
Finished Renaming Generated Nets : Time (s): cpu = 00:00:32 ; elapsed = 00:00:48 . Memory (MB): peak = 714.000 ; gain = 502.875

Report Cell Usage: 
+------+--------+------+
|      |Cell    |Count |
+------+--------+------+
|1     |LUT1    |     2|
|2     |LUT2    |     6|
|3     |LUT3    |     4|
|4     |LUT4    |     5|
|5     |LUT5    |    10|
|6     |LUT6    |     8|
|7     |MUXCY_L |     3|
|8     |SRL16E  |     4|
|9     |XORCY   |     4|
|10    |FDR     |     1|
|11    |FDRE    |    83|
+------+--------+------+
Finished Writing Synthesis Report : Time (s): cpu = 00:00:32 ; elapsed = 00:00:48 . Memory (MB): peak = 714.000 ; gain = 502.875
synth_design: Time (s): cpu = 00:00:28 ; elapsed = 00:00:36 . Memory (MB): peak = 714.000 ; gain = 428.363
