
*** Running vivado
    with args -log design_1_microblaze_0_axi_intc_1.vds -m64 -product Vivado -mode batch -messageDb vivado.pb -notrace -source design_1_microblaze_0_axi_intc_1.tcl


****** Vivado v2016.3 (64-bit)
  **** SW Build 1682563 on Mon Oct 10 19:07:27 MDT 2016
  **** IP Build 1681267 on Mon Oct 10 21:28:31 MDT 2016
    ** Copyright 1986-2016 Xilinx, Inc. All Rights Reserved.

source design_1_microblaze_0_axi_intc_1.tcl -notrace
Starting RTL Elaboration : Time (s): cpu = 00:00:08 ; elapsed = 00:00:19 . Memory (MB): peak = 360.871 ; gain = 150.121
INFO: [Synth 8-638] synthesizing module 'design_1_microblaze_0_axi_intc_1' [w:/Desktop/ethernet/ethernet.srcs/sources_1/bd/design_1/ip/design_1_microblaze_0_axi_intc_1/synth/design_1_microblaze_0_axi_intc_1.vhd:89]
INFO: [Synth 8-638] synthesizing module 'axi_intc' [w:/Desktop/ethernet/ethernet.srcs/sources_1/bd/design_1/ipshared/3dfb/hdl/axi_intc_v4_1_vh_rfs.vhd:3769]
INFO: [Synth 8-638] synthesizing module 'intc_core' [w:/Desktop/ethernet/ethernet.srcs/sources_1/bd/design_1/ipshared/3dfb/hdl/axi_intc_v4_1_vh_rfs.vhd:782]
INFO: [Synth 8-638] synthesizing module 'shared_ram_ivar' [w:/Desktop/ethernet/ethernet.srcs/sources_1/bd/design_1/ipshared/3dfb/hdl/axi_intc_v4_1_vh_rfs.vhd:321]
INFO: [Synth 8-256] done synthesizing module 'shared_ram_ivar' (1#1) [w:/Desktop/ethernet/ethernet.srcs/sources_1/bd/design_1/ipshared/3dfb/hdl/axi_intc_v4_1_vh_rfs.vhd:321]
INFO: [Synth 8-256] done synthesizing module 'intc_core' (2#1) [w:/Desktop/ethernet/ethernet.srcs/sources_1/bd/design_1/ipshared/3dfb/hdl/axi_intc_v4_1_vh_rfs.vhd:782]
INFO: [Synth 8-638] synthesizing module 'axi_lite_ipif' [w:/Desktop/ethernet/ethernet.srcs/sources_1/bd/design_1/ipshared/0ba0/hdl/axi_lite_ipif_v3_0_vh_rfs.vhd:2948]
INFO: [Synth 8-638] synthesizing module 'slave_attachment' [w:/Desktop/ethernet/ethernet.srcs/sources_1/bd/design_1/ipshared/0ba0/hdl/axi_lite_ipif_v3_0_vh_rfs.vhd:2341]
INFO: [Synth 8-638] synthesizing module 'address_decoder' [w:/Desktop/ethernet/ethernet.srcs/sources_1/bd/design_1/ipshared/0ba0/hdl/axi_lite_ipif_v3_0_vh_rfs.vhd:1775]
INFO: [Synth 8-638] synthesizing module 'pselect_f' [w:/Desktop/ethernet/ethernet.srcs/sources_1/bd/design_1/ipshared/0ba0/hdl/axi_lite_ipif_v3_0_vh_rfs.vhd:1534]
INFO: [Synth 8-256] done synthesizing module 'pselect_f' (3#1) [w:/Desktop/ethernet/ethernet.srcs/sources_1/bd/design_1/ipshared/0ba0/hdl/axi_lite_ipif_v3_0_vh_rfs.vhd:1534]
INFO: [Synth 8-638] synthesizing module 'pselect_f__parameterized0' [w:/Desktop/ethernet/ethernet.srcs/sources_1/bd/design_1/ipshared/0ba0/hdl/axi_lite_ipif_v3_0_vh_rfs.vhd:1534]
INFO: [Synth 8-256] done synthesizing module 'pselect_f__parameterized0' (3#1) [w:/Desktop/ethernet/ethernet.srcs/sources_1/bd/design_1/ipshared/0ba0/hdl/axi_lite_ipif_v3_0_vh_rfs.vhd:1534]
INFO: [Synth 8-638] synthesizing module 'pselect_f__parameterized1' [w:/Desktop/ethernet/ethernet.srcs/sources_1/bd/design_1/ipshared/0ba0/hdl/axi_lite_ipif_v3_0_vh_rfs.vhd:1534]
INFO: [Synth 8-256] done synthesizing module 'pselect_f__parameterized1' (3#1) [w:/Desktop/ethernet/ethernet.srcs/sources_1/bd/design_1/ipshared/0ba0/hdl/axi_lite_ipif_v3_0_vh_rfs.vhd:1534]
INFO: [Synth 8-638] synthesizing module 'pselect_f__parameterized2' [w:/Desktop/ethernet/ethernet.srcs/sources_1/bd/design_1/ipshared/0ba0/hdl/axi_lite_ipif_v3_0_vh_rfs.vhd:1534]
INFO: [Synth 8-256] done synthesizing module 'pselect_f__parameterized2' (3#1) [w:/Desktop/ethernet/ethernet.srcs/sources_1/bd/design_1/ipshared/0ba0/hdl/axi_lite_ipif_v3_0_vh_rfs.vhd:1534]
INFO: [Synth 8-638] synthesizing module 'pselect_f__parameterized3' [w:/Desktop/ethernet/ethernet.srcs/sources_1/bd/design_1/ipshared/0ba0/hdl/axi_lite_ipif_v3_0_vh_rfs.vhd:1534]
INFO: [Synth 8-256] done synthesizing module 'pselect_f__parameterized3' (3#1) [w:/Desktop/ethernet/ethernet.srcs/sources_1/bd/design_1/ipshared/0ba0/hdl/axi_lite_ipif_v3_0_vh_rfs.vhd:1534]
INFO: [Synth 8-638] synthesizing module 'pselect_f__parameterized4' [w:/Desktop/ethernet/ethernet.srcs/sources_1/bd/design_1/ipshared/0ba0/hdl/axi_lite_ipif_v3_0_vh_rfs.vhd:1534]
INFO: [Synth 8-256] done synthesizing module 'pselect_f__parameterized4' (3#1) [w:/Desktop/ethernet/ethernet.srcs/sources_1/bd/design_1/ipshared/0ba0/hdl/axi_lite_ipif_v3_0_vh_rfs.vhd:1534]
INFO: [Synth 8-638] synthesizing module 'pselect_f__parameterized5' [w:/Desktop/ethernet/ethernet.srcs/sources_1/bd/design_1/ipshared/0ba0/hdl/axi_lite_ipif_v3_0_vh_rfs.vhd:1534]
INFO: [Synth 8-256] done synthesizing module 'pselect_f__parameterized5' (3#1) [w:/Desktop/ethernet/ethernet.srcs/sources_1/bd/design_1/ipshared/0ba0/hdl/axi_lite_ipif_v3_0_vh_rfs.vhd:1534]
INFO: [Synth 8-638] synthesizing module 'pselect_f__parameterized6' [w:/Desktop/ethernet/ethernet.srcs/sources_1/bd/design_1/ipshared/0ba0/hdl/axi_lite_ipif_v3_0_vh_rfs.vhd:1534]
INFO: [Synth 8-256] done synthesizing module 'pselect_f__parameterized6' (3#1) [w:/Desktop/ethernet/ethernet.srcs/sources_1/bd/design_1/ipshared/0ba0/hdl/axi_lite_ipif_v3_0_vh_rfs.vhd:1534]
INFO: [Synth 8-638] synthesizing module 'pselect_f__parameterized7' [w:/Desktop/ethernet/ethernet.srcs/sources_1/bd/design_1/ipshared/0ba0/hdl/axi_lite_ipif_v3_0_vh_rfs.vhd:1534]
INFO: [Synth 8-256] done synthesizing module 'pselect_f__parameterized7' (3#1) [w:/Desktop/ethernet/ethernet.srcs/sources_1/bd/design_1/ipshared/0ba0/hdl/axi_lite_ipif_v3_0_vh_rfs.vhd:1534]
INFO: [Synth 8-638] synthesizing module 'pselect_f__parameterized8' [w:/Desktop/ethernet/ethernet.srcs/sources_1/bd/design_1/ipshared/0ba0/hdl/axi_lite_ipif_v3_0_vh_rfs.vhd:1534]
INFO: [Synth 8-256] done synthesizing module 'pselect_f__parameterized8' (3#1) [w:/Desktop/ethernet/ethernet.srcs/sources_1/bd/design_1/ipshared/0ba0/hdl/axi_lite_ipif_v3_0_vh_rfs.vhd:1534]
INFO: [Synth 8-638] synthesizing module 'pselect_f__parameterized9' [w:/Desktop/ethernet/ethernet.srcs/sources_1/bd/design_1/ipshared/0ba0/hdl/axi_lite_ipif_v3_0_vh_rfs.vhd:1534]
INFO: [Synth 8-256] done synthesizing module 'pselect_f__parameterized9' (3#1) [w:/Desktop/ethernet/ethernet.srcs/sources_1/bd/design_1/ipshared/0ba0/hdl/axi_lite_ipif_v3_0_vh_rfs.vhd:1534]
INFO: [Synth 8-638] synthesizing module 'pselect_f__parameterized10' [w:/Desktop/ethernet/ethernet.srcs/sources_1/bd/design_1/ipshared/0ba0/hdl/axi_lite_ipif_v3_0_vh_rfs.vhd:1534]
INFO: [Synth 8-256] done synthesizing module 'pselect_f__parameterized10' (3#1) [w:/Desktop/ethernet/ethernet.srcs/sources_1/bd/design_1/ipshared/0ba0/hdl/axi_lite_ipif_v3_0_vh_rfs.vhd:1534]
INFO: [Synth 8-638] synthesizing module 'pselect_f__parameterized11' [w:/Desktop/ethernet/ethernet.srcs/sources_1/bd/design_1/ipshared/0ba0/hdl/axi_lite_ipif_v3_0_vh_rfs.vhd:1534]
INFO: [Synth 8-256] done synthesizing module 'pselect_f__parameterized11' (3#1) [w:/Desktop/ethernet/ethernet.srcs/sources_1/bd/design_1/ipshared/0ba0/hdl/axi_lite_ipif_v3_0_vh_rfs.vhd:1534]
INFO: [Synth 8-638] synthesizing module 'pselect_f__parameterized12' [w:/Desktop/ethernet/ethernet.srcs/sources_1/bd/design_1/ipshared/0ba0/hdl/axi_lite_ipif_v3_0_vh_rfs.vhd:1534]
INFO: [Synth 8-256] done synthesizing module 'pselect_f__parameterized12' (3#1) [w:/Desktop/ethernet/ethernet.srcs/sources_1/bd/design_1/ipshared/0ba0/hdl/axi_lite_ipif_v3_0_vh_rfs.vhd:1534]
INFO: [Synth 8-638] synthesizing module 'pselect_f__parameterized13' [w:/Desktop/ethernet/ethernet.srcs/sources_1/bd/design_1/ipshared/0ba0/hdl/axi_lite_ipif_v3_0_vh_rfs.vhd:1534]
INFO: [Synth 8-256] done synthesizing module 'pselect_f__parameterized13' (3#1) [w:/Desktop/ethernet/ethernet.srcs/sources_1/bd/design_1/ipshared/0ba0/hdl/axi_lite_ipif_v3_0_vh_rfs.vhd:1534]
INFO: [Synth 8-638] synthesizing module 'pselect_f__parameterized14' [w:/Desktop/ethernet/ethernet.srcs/sources_1/bd/design_1/ipshared/0ba0/hdl/axi_lite_ipif_v3_0_vh_rfs.vhd:1534]
INFO: [Synth 8-256] done synthesizing module 'pselect_f__parameterized14' (3#1) [w:/Desktop/ethernet/ethernet.srcs/sources_1/bd/design_1/ipshared/0ba0/hdl/axi_lite_ipif_v3_0_vh_rfs.vhd:1534]
INFO: [Synth 8-638] synthesizing module 'pselect_f__parameterized15' [w:/Desktop/ethernet/ethernet.srcs/sources_1/bd/design_1/ipshared/0ba0/hdl/axi_lite_ipif_v3_0_vh_rfs.vhd:1534]
INFO: [Synth 8-256] done synthesizing module 'pselect_f__parameterized15' (3#1) [w:/Desktop/ethernet/ethernet.srcs/sources_1/bd/design_1/ipshared/0ba0/hdl/axi_lite_ipif_v3_0_vh_rfs.vhd:1534]
INFO: [Synth 8-638] synthesizing module 'pselect_f__parameterized16' [w:/Desktop/ethernet/ethernet.srcs/sources_1/bd/design_1/ipshared/0ba0/hdl/axi_lite_ipif_v3_0_vh_rfs.vhd:1534]
INFO: [Synth 8-256] done synthesizing module 'pselect_f__parameterized16' (3#1) [w:/Desktop/ethernet/ethernet.srcs/sources_1/bd/design_1/ipshared/0ba0/hdl/axi_lite_ipif_v3_0_vh_rfs.vhd:1534]
INFO: [Synth 8-256] done synthesizing module 'address_decoder' (4#1) [w:/Desktop/ethernet/ethernet.srcs/sources_1/bd/design_1/ipshared/0ba0/hdl/axi_lite_ipif_v3_0_vh_rfs.vhd:1775]
INFO: [Synth 8-256] done synthesizing module 'slave_attachment' (5#1) [w:/Desktop/ethernet/ethernet.srcs/sources_1/bd/design_1/ipshared/0ba0/hdl/axi_lite_ipif_v3_0_vh_rfs.vhd:2341]
INFO: [Synth 8-256] done synthesizing module 'axi_lite_ipif' (6#1) [w:/Desktop/ethernet/ethernet.srcs/sources_1/bd/design_1/ipshared/0ba0/hdl/axi_lite_ipif_v3_0_vh_rfs.vhd:2948]
INFO: [Synth 8-256] done synthesizing module 'axi_intc' (7#1) [w:/Desktop/ethernet/ethernet.srcs/sources_1/bd/design_1/ipshared/3dfb/hdl/axi_intc_v4_1_vh_rfs.vhd:3769]
INFO: [Synth 8-256] done synthesizing module 'design_1_microblaze_0_axi_intc_1' (8#1) [w:/Desktop/ethernet/ethernet.srcs/sources_1/bd/design_1/ip/design_1_microblaze_0_axi_intc_1/synth/design_1_microblaze_0_axi_intc_1.vhd:89]
Finished RTL Elaboration : Time (s): cpu = 00:00:10 ; elapsed = 00:00:22 . Memory (MB): peak = 401.313 ; gain = 190.563
Finished RTL Optimization Phase 1 : Time (s): cpu = 00:00:10 ; elapsed = 00:00:22 . Memory (MB): peak = 401.313 ; gain = 190.563
INFO: [Device 21-403] Loading part xc7a100tcsg324-1
Constraint Validation Runtime : Time (s): cpu = 00:00:01 ; elapsed = 00:00:00.047 . Memory (MB): peak = 710.762 ; gain = 0.000
Finished Constraint Validation : Time (s): cpu = 00:00:19 ; elapsed = 00:00:37 . Memory (MB): peak = 710.762 ; gain = 500.012
Finished Loading Part and Timing Information : Time (s): cpu = 00:00:19 ; elapsed = 00:00:37 . Memory (MB): peak = 710.762 ; gain = 500.012
Finished applying 'set_property' XDC Constraints : Time (s): cpu = 00:00:19 ; elapsed = 00:00:38 . Memory (MB): peak = 710.762 ; gain = 500.012
Finished RTL Optimization Phase 2 : Time (s): cpu = 00:00:20 ; elapsed = 00:00:38 . Memory (MB): peak = 710.762 ; gain = 500.012
Finished Cross Boundary and Area Optimization : Time (s): cpu = 00:00:21 ; elapsed = 00:00:39 . Memory (MB): peak = 710.762 ; gain = 500.012
---------------------------------------------------------------------------------
Start ROM, RAM, DSP and Shift Register Reporting
---------------------------------------------------------------------------------

Distributed RAM: Preliminary Mapping  Report (see note below)
+------------+--------------------------------------------------------------------------------+----------------+----------------------+-----------------+
|Module Name | RTL Object                                                                     | Inference      | Size (Depth x Width) | Primitives      | 
+------------+--------------------------------------------------------------------------------+----------------+----------------------+-----------------+
|axi_intc    | INTC_CORE_I/IVAR_FAST_MODE_GEN.IVAR_REG_MEM_AXI_CLK_GEN.IVAR_REG_MEM_I/ram_reg | User Attribute | 16 x 32              | RAM16X1D x 32   | 
+------------+--------------------------------------------------------------------------------+----------------+----------------------+-----------------+

Note: The table above is a preliminary report that shows the Distributed RAMs at the current stage of the synthesis flow. Some Distributed RAMs may be reimplemented as non Distributed RAM primitives later in the synthesis flow. Multiple instantiated RAMs are reported only once.
---------------------------------------------------------------------------------
Finished ROM, RAM, DSP and Shift Register Reporting
---------------------------------------------------------------------------------
Finished Applying XDC Timing Constraints : Time (s): cpu = 00:00:31 ; elapsed = 00:00:50 . Memory (MB): peak = 710.762 ; gain = 500.012
Finished Timing Optimization : Time (s): cpu = 00:00:32 ; elapsed = 00:00:50 . Memory (MB): peak = 710.762 ; gain = 500.012
Finished Technology Mapping : Time (s): cpu = 00:00:32 ; elapsed = 00:00:51 . Memory (MB): peak = 710.762 ; gain = 500.012
Finished IO Insertion : Time (s): cpu = 00:00:32 ; elapsed = 00:00:51 . Memory (MB): peak = 710.762 ; gain = 500.012
Finished Renaming Generated Instances : Time (s): cpu = 00:00:32 ; elapsed = 00:00:51 . Memory (MB): peak = 710.762 ; gain = 500.012
Finished Rebuilding User Hierarchy : Time (s): cpu = 00:00:32 ; elapsed = 00:00:51 . Memory (MB): peak = 710.762 ; gain = 500.012
Finished Renaming Generated Ports : Time (s): cpu = 00:00:32 ; elapsed = 00:00:51 . Memory (MB): peak = 710.762 ; gain = 500.012
Finished Handling Custom Attributes : Time (s): cpu = 00:00:32 ; elapsed = 00:00:51 . Memory (MB): peak = 710.762 ; gain = 500.012
Finished Renaming Generated Nets : Time (s): cpu = 00:00:32 ; elapsed = 00:00:51 . Memory (MB): peak = 710.762 ; gain = 500.012

Report Cell Usage: 
+------+---------+------+
|      |Cell     |Count |
+------+---------+------+
|1     |LUT1     |     2|
|2     |LUT2     |    15|
|3     |LUT3     |    44|
|4     |LUT4     |    32|
|5     |LUT5     |    21|
|6     |LUT6     |    30|
|7     |RAM16X1D |    32|
|8     |FDRE     |   177|
|9     |FDSE     |     1|
+------+---------+------+
Finished Writing Synthesis Report : Time (s): cpu = 00:00:32 ; elapsed = 00:00:52 . Memory (MB): peak = 710.762 ; gain = 500.012
synth_design: Time (s): cpu = 00:00:29 ; elapsed = 00:00:40 . Memory (MB): peak = 710.762 ; gain = 426.383
