
*** Running vivado
    with args -log design_1_axi_timer_0_1.vds -m64 -product Vivado -mode batch -messageDb vivado.pb -notrace -source design_1_axi_timer_0_1.tcl


****** Vivado v2016.3 (64-bit)
  **** SW Build 1682563 on Mon Oct 10 19:07:27 MDT 2016
  **** IP Build 1681267 on Mon Oct 10 21:28:31 MDT 2016
    ** Copyright 1986-2016 Xilinx, Inc. All Rights Reserved.

source design_1_axi_timer_0_1.tcl -notrace
Starting RTL Elaboration : Time (s): cpu = 00:00:09 ; elapsed = 00:00:18 . Memory (MB): peak = 369.855 ; gain = 159.363
INFO: [Synth 8-638] synthesizing module 'design_1_axi_timer_0_1' [w:/Desktop/ethernet/ethernet.srcs/sources_1/bd/design_1/ip/design_1_axi_timer_0_1/synth/design_1_axi_timer_0_1.vhd:87]
INFO: [Synth 8-638] synthesizing module 'axi_timer' [w:/Desktop/ethernet/ethernet.srcs/sources_1/bd/design_1/ipshared/eace/hdl/axi_timer_v2_0_vh_rfs.vhd:2141]
INFO: [Synth 8-638] synthesizing module 'tc_core' [w:/Desktop/ethernet/ethernet.srcs/sources_1/bd/design_1/ipshared/eace/hdl/axi_timer_v2_0_vh_rfs.vhd:1698]
INFO: [Synth 8-638] synthesizing module 'mux_onehot_f' [w:/Desktop/ethernet/ethernet.srcs/sources_1/bd/design_1/ipshared/eace/hdl/axi_timer_v2_0_vh_rfs.vhd:365]
INFO: [Synth 8-638] synthesizing module 'MUXCY' [C:/Xilinx/Vivado/2016.3/scripts/rt/data/unisim_comp.v:21268]
INFO: [Synth 8-256] done synthesizing module 'MUXCY' (1#1) [C:/Xilinx/Vivado/2016.3/scripts/rt/data/unisim_comp.v:21268]
INFO: [Synth 8-256] done synthesizing module 'mux_onehot_f' (2#1) [w:/Desktop/ethernet/ethernet.srcs/sources_1/bd/design_1/ipshared/eace/hdl/axi_timer_v2_0_vh_rfs.vhd:365]
INFO: [Synth 8-638] synthesizing module 'count_module' [w:/Desktop/ethernet/ethernet.srcs/sources_1/bd/design_1/ipshared/eace/hdl/axi_timer_v2_0_vh_rfs.vhd:1434]
INFO: [Synth 8-638] synthesizing module 'counter_f' [w:/Desktop/ethernet/ethernet.srcs/sources_1/bd/design_1/ipshared/eace/hdl/axi_timer_v2_0_vh_rfs.vhd:148]
INFO: [Synth 8-256] done synthesizing module 'counter_f' (3#1) [w:/Desktop/ethernet/ethernet.srcs/sources_1/bd/design_1/ipshared/eace/hdl/axi_timer_v2_0_vh_rfs.vhd:148]
INFO: [Synth 8-256] done synthesizing module 'count_module' (4#1) [w:/Desktop/ethernet/ethernet.srcs/sources_1/bd/design_1/ipshared/eace/hdl/axi_timer_v2_0_vh_rfs.vhd:1434]
INFO: [Synth 8-638] synthesizing module 'timer_control' [w:/Desktop/ethernet/ethernet.srcs/sources_1/bd/design_1/ipshared/eace/hdl/axi_timer_v2_0_vh_rfs.vhd:835]
INFO: [Synth 8-638] synthesizing module 'cdc_sync' [w:/Desktop/ethernet/ethernet.srcs/sources_1/bd/design_1/ipshared/52cb/hdl/lib_cdc_v1_0_rfs.vhd:106]
INFO: [Synth 8-256] done synthesizing module 'cdc_sync' (5#1) [w:/Desktop/ethernet/ethernet.srcs/sources_1/bd/design_1/ipshared/52cb/hdl/lib_cdc_v1_0_rfs.vhd:106]
INFO: [Synth 8-256] done synthesizing module 'timer_control' (6#1) [w:/Desktop/ethernet/ethernet.srcs/sources_1/bd/design_1/ipshared/eace/hdl/axi_timer_v2_0_vh_rfs.vhd:835]
INFO: [Synth 8-256] done synthesizing module 'tc_core' (7#1) [w:/Desktop/ethernet/ethernet.srcs/sources_1/bd/design_1/ipshared/eace/hdl/axi_timer_v2_0_vh_rfs.vhd:1698]
INFO: [Synth 8-638] synthesizing module 'axi_lite_ipif' [w:/Desktop/ethernet/ethernet.srcs/sources_1/bd/design_1/ipshared/0ba0/hdl/axi_lite_ipif_v3_0_vh_rfs.vhd:2948]
INFO: [Synth 8-638] synthesizing module 'slave_attachment' [w:/Desktop/ethernet/ethernet.srcs/sources_1/bd/design_1/ipshared/0ba0/hdl/axi_lite_ipif_v3_0_vh_rfs.vhd:2341]
INFO: [Synth 8-638] synthesizing module 'address_decoder' [w:/Desktop/ethernet/ethernet.srcs/sources_1/bd/design_1/ipshared/0ba0/hdl/axi_lite_ipif_v3_0_vh_rfs.vhd:1775]
INFO: [Synth 8-638] synthesizing module 'pselect_f' [w:/Desktop/ethernet/ethernet.srcs/sources_1/bd/design_1/ipshared/0ba0/hdl/axi_lite_ipif_v3_0_vh_rfs.vhd:1534]
INFO: [Synth 8-256] done synthesizing module 'pselect_f' (8#1) [w:/Desktop/ethernet/ethernet.srcs/sources_1/bd/design_1/ipshared/0ba0/hdl/axi_lite_ipif_v3_0_vh_rfs.vhd:1534]
INFO: [Synth 8-638] synthesizing module 'pselect_f__parameterized0' [w:/Desktop/ethernet/ethernet.srcs/sources_1/bd/design_1/ipshared/0ba0/hdl/axi_lite_ipif_v3_0_vh_rfs.vhd:1534]
INFO: [Synth 8-256] done synthesizing module 'pselect_f__parameterized0' (8#1) [w:/Desktop/ethernet/ethernet.srcs/sources_1/bd/design_1/ipshared/0ba0/hdl/axi_lite_ipif_v3_0_vh_rfs.vhd:1534]
INFO: [Synth 8-638] synthesizing module 'pselect_f__parameterized1' [w:/Desktop/ethernet/ethernet.srcs/sources_1/bd/design_1/ipshared/0ba0/hdl/axi_lite_ipif_v3_0_vh_rfs.vhd:1534]
INFO: [Synth 8-256] done synthesizing module 'pselect_f__parameterized1' (8#1) [w:/Desktop/ethernet/ethernet.srcs/sources_1/bd/design_1/ipshared/0ba0/hdl/axi_lite_ipif_v3_0_vh_rfs.vhd:1534]
INFO: [Synth 8-638] synthesizing module 'pselect_f__parameterized2' [w:/Desktop/ethernet/ethernet.srcs/sources_1/bd/design_1/ipshared/0ba0/hdl/axi_lite_ipif_v3_0_vh_rfs.vhd:1534]
INFO: [Synth 8-256] done synthesizing module 'pselect_f__parameterized2' (8#1) [w:/Desktop/ethernet/ethernet.srcs/sources_1/bd/design_1/ipshared/0ba0/hdl/axi_lite_ipif_v3_0_vh_rfs.vhd:1534]
INFO: [Synth 8-638] synthesizing module 'pselect_f__parameterized3' [w:/Desktop/ethernet/ethernet.srcs/sources_1/bd/design_1/ipshared/0ba0/hdl/axi_lite_ipif_v3_0_vh_rfs.vhd:1534]
INFO: [Synth 8-256] done synthesizing module 'pselect_f__parameterized3' (8#1) [w:/Desktop/ethernet/ethernet.srcs/sources_1/bd/design_1/ipshared/0ba0/hdl/axi_lite_ipif_v3_0_vh_rfs.vhd:1534]
INFO: [Synth 8-638] synthesizing module 'pselect_f__parameterized4' [w:/Desktop/ethernet/ethernet.srcs/sources_1/bd/design_1/ipshared/0ba0/hdl/axi_lite_ipif_v3_0_vh_rfs.vhd:1534]
INFO: [Synth 8-256] done synthesizing module 'pselect_f__parameterized4' (8#1) [w:/Desktop/ethernet/ethernet.srcs/sources_1/bd/design_1/ipshared/0ba0/hdl/axi_lite_ipif_v3_0_vh_rfs.vhd:1534]
INFO: [Synth 8-638] synthesizing module 'pselect_f__parameterized5' [w:/Desktop/ethernet/ethernet.srcs/sources_1/bd/design_1/ipshared/0ba0/hdl/axi_lite_ipif_v3_0_vh_rfs.vhd:1534]
INFO: [Synth 8-256] done synthesizing module 'pselect_f__parameterized5' (8#1) [w:/Desktop/ethernet/ethernet.srcs/sources_1/bd/design_1/ipshared/0ba0/hdl/axi_lite_ipif_v3_0_vh_rfs.vhd:1534]
INFO: [Synth 8-638] synthesizing module 'pselect_f__parameterized6' [w:/Desktop/ethernet/ethernet.srcs/sources_1/bd/design_1/ipshared/0ba0/hdl/axi_lite_ipif_v3_0_vh_rfs.vhd:1534]
INFO: [Synth 8-256] done synthesizing module 'pselect_f__parameterized6' (8#1) [w:/Desktop/ethernet/ethernet.srcs/sources_1/bd/design_1/ipshared/0ba0/hdl/axi_lite_ipif_v3_0_vh_rfs.vhd:1534]
INFO: [Synth 8-256] done synthesizing module 'address_decoder' (9#1) [w:/Desktop/ethernet/ethernet.srcs/sources_1/bd/design_1/ipshared/0ba0/hdl/axi_lite_ipif_v3_0_vh_rfs.vhd:1775]
INFO: [Synth 8-256] done synthesizing module 'slave_attachment' (10#1) [w:/Desktop/ethernet/ethernet.srcs/sources_1/bd/design_1/ipshared/0ba0/hdl/axi_lite_ipif_v3_0_vh_rfs.vhd:2341]
INFO: [Synth 8-256] done synthesizing module 'axi_lite_ipif' (11#1) [w:/Desktop/ethernet/ethernet.srcs/sources_1/bd/design_1/ipshared/0ba0/hdl/axi_lite_ipif_v3_0_vh_rfs.vhd:2948]
INFO: [Synth 8-256] done synthesizing module 'axi_timer' (12#1) [w:/Desktop/ethernet/ethernet.srcs/sources_1/bd/design_1/ipshared/eace/hdl/axi_timer_v2_0_vh_rfs.vhd:2141]
INFO: [Synth 8-256] done synthesizing module 'design_1_axi_timer_0_1' (13#1) [w:/Desktop/ethernet/ethernet.srcs/sources_1/bd/design_1/ip/design_1_axi_timer_0_1/synth/design_1_axi_timer_0_1.vhd:87]
Finished RTL Elaboration : Time (s): cpu = 00:00:11 ; elapsed = 00:00:21 . Memory (MB): peak = 409.215 ; gain = 198.723
Finished RTL Optimization Phase 1 : Time (s): cpu = 00:00:11 ; elapsed = 00:00:21 . Memory (MB): peak = 409.215 ; gain = 198.723
INFO: [Device 21-403] Loading part xc7a100tcsg324-1
Constraint Validation Runtime : Time (s): cpu = 00:00:00 ; elapsed = 00:00:00.047 . Memory (MB): peak = 719.789 ; gain = 0.000
Finished Constraint Validation : Time (s): cpu = 00:00:21 ; elapsed = 00:00:37 . Memory (MB): peak = 719.789 ; gain = 509.297
Finished Loading Part and Timing Information : Time (s): cpu = 00:00:21 ; elapsed = 00:00:37 . Memory (MB): peak = 719.789 ; gain = 509.297
Finished applying 'set_property' XDC Constraints : Time (s): cpu = 00:00:21 ; elapsed = 00:00:37 . Memory (MB): peak = 719.789 ; gain = 509.297
Finished RTL Optimization Phase 2 : Time (s): cpu = 00:00:22 ; elapsed = 00:00:38 . Memory (MB): peak = 719.789 ; gain = 509.297
Finished Cross Boundary and Area Optimization : Time (s): cpu = 00:00:23 ; elapsed = 00:00:40 . Memory (MB): peak = 719.789 ; gain = 509.297
Finished Applying XDC Timing Constraints : Time (s): cpu = 00:00:34 ; elapsed = 00:00:51 . Memory (MB): peak = 719.789 ; gain = 509.297
Finished Timing Optimization : Time (s): cpu = 00:00:35 ; elapsed = 00:00:52 . Memory (MB): peak = 719.789 ; gain = 509.297
Finished Technology Mapping : Time (s): cpu = 00:00:35 ; elapsed = 00:00:52 . Memory (MB): peak = 719.789 ; gain = 509.297
Finished IO Insertion : Time (s): cpu = 00:00:36 ; elapsed = 00:00:53 . Memory (MB): peak = 719.789 ; gain = 509.297
Finished Renaming Generated Instances : Time (s): cpu = 00:00:36 ; elapsed = 00:00:53 . Memory (MB): peak = 719.789 ; gain = 509.297
Finished Rebuilding User Hierarchy : Time (s): cpu = 00:00:36 ; elapsed = 00:00:53 . Memory (MB): peak = 719.789 ; gain = 509.297
Finished Renaming Generated Ports : Time (s): cpu = 00:00:36 ; elapsed = 00:00:53 . Memory (MB): peak = 719.789 ; gain = 509.297
Finished Handling Custom Attributes : Time (s): cpu = 00:00:36 ; elapsed = 00:00:53 . Memory (MB): peak = 719.789 ; gain = 509.297
Finished Renaming Generated Nets : Time (s): cpu = 00:00:36 ; elapsed = 00:00:53 . Memory (MB): peak = 719.789 ; gain = 509.297

Report Cell Usage: 
+------+-------+------+
|      |Cell   |Count |
+------+-------+------+
|1     |CARRY4 |    16|
|2     |LUT1   |     6|
|3     |LUT2   |    82|
|4     |LUT3   |    95|
|5     |LUT4   |    83|
|6     |LUT5   |    23|
|7     |LUT6   |    62|
|8     |MUXCY  |    64|
|9     |FDR    |    12|
|10    |FDRE   |   228|
+------+-------+------+
Finished Writing Synthesis Report : Time (s): cpu = 00:00:36 ; elapsed = 00:00:53 . Memory (MB): peak = 719.789 ; gain = 509.297
synth_design: Time (s): cpu = 00:00:32 ; elapsed = 00:00:42 . Memory (MB): peak = 722.910 ; gain = 435.359
