13:49:38 INFO  : Registering command handlers for SDK TCF services
13:49:38 INFO  : Launching XSCT server: xsct.bat -interactive C:\FPGA_Dev\Stopwatch\ethernet.sdk\temp_xsdb_launch_script.tcl
13:49:41 INFO  : XSCT server has started successfully.
13:49:41 INFO  : Successfully done setting XSCT server connection channel  
13:49:41 INFO  : Successfully done setting SDK workspace  
13:49:41 INFO  : Processing command line option -hwspec C:/FPGA_Dev/Stopwatch/ethernet.sdk/design_1_wrapper.hdf.
13:51:46 INFO  : Refreshed build settings on project stopwatch_server
13:53:02 WARN  : Ignoring the file C:\Users\Gabriel Elkadiki\Desktop\echo.c, as it is not a valid Hardware Specification file
13:53:07 WARN  : Ignoring the file C:\Users\Gabriel Elkadiki\Desktop\echo.c, as it is not a valid Hardware Specification file
13:54:27 INFO  : Processor reset is completed for microblaze_0
14:18:48 INFO  : Processor reset is completed for microblaze_0
14:20:38 INFO  : microblaze_0 Processor is in use. Please stop existing Run or Debug sessions before launching.
14:20:39 INFO  : Processor reset is completed for microblaze_0
14:32:03 INFO  : microblaze_0 Processor is in use. Please stop existing Run or Debug sessions before launching.
14:32:04 INFO  : Processor reset is completed for microblaze_0
14:33:54 INFO  : microblaze_0 Processor is in use. Please stop existing Run or Debug sessions before launching.
14:33:56 INFO  : Processor reset is completed for microblaze_0
14:35:01 INFO  : microblaze_0 Processor is in use. Please stop existing Run or Debug sessions before launching.
14:35:46 INFO  : Processor reset is completed for microblaze_0
14:48:01 ERROR : Unexpected error while parsing XMD response ?: com.google.gson.JsonSyntaxException: com.google.gson.stream.MalformedJsonException: invalid number or unquoted string near 
14:09:41 INFO  : Registering command handlers for SDK TCF services
14:09:42 INFO  : Launching XSCT server: xsct.bat -interactive C:\FPGA_Dev\Stopwatch\ethernet.sdk\temp_xsdb_launch_script.tcl
14:09:47 INFO  : XSCT server has started successfully.
14:09:52 INFO  : Processing command line option -hwspec C:/FPGA_Dev/Stopwatch/ethernet.sdk/design_1_wrapper.hdf.
14:09:52 INFO  : Checking for hwspec changes in the project design_1_wrapper_hw_platform_0.
14:09:52 INFO  : Successfully done setting XSCT server connection channel  
14:09:52 INFO  : Successfully done setting SDK workspace  
14:10:15 INFO  : Processor reset is completed for microblaze_0
14:10:15 ERROR : No such port: COM8
14:10:49 INFO  : microblaze_0 Processor is in use. Please stop existing Run or Debug sessions before launching.
14:10:51 INFO  : Processor reset is completed for microblaze_0
14:16:52 INFO  : microblaze_0 Processor is in use. Please stop existing Run or Debug sessions before launching.
14:16:54 INFO  : Processor reset is completed for microblaze_0
14:17:54 INFO  : microblaze_0 Processor is in use. Please stop existing Run or Debug sessions before launching.
14:17:55 INFO  : Processor reset is completed for microblaze_0
14:19:33 INFO  : microblaze_0 Processor is in use. Please stop existing Run or Debug sessions before launching.
14:19:35 INFO  : Processor reset is completed for microblaze_0
14:21:08 INFO  : microblaze_0 Processor is in use. Please stop existing Run or Debug sessions before launching.
14:21:15 INFO  : Processor reset is completed for microblaze_0
14:27:40 ERROR : Unexpected error while parsing XMD response ?: com.google.gson.JsonSyntaxException: com.google.gson.stream.MalformedJsonException: invalid number or unquoted string near 
17:40:44 INFO  : Registering command handlers for SDK TCF services
17:40:44 INFO  : Launching XSCT server: xsct.bat -interactive C:\FPGA_Dev\Stopwatch\ethernet.sdk\temp_xsdb_launch_script.tcl
17:40:48 INFO  : XSCT server has started successfully.
17:40:52 INFO  : Successfully done setting XSCT server connection channel  
17:40:52 INFO  : Processing command line option -hwspec C:/FPGA_Dev/Stopwatch/ethernet.sdk/design_1_wrapper.hdf.
17:40:52 INFO  : Checking for hwspec changes in the project design_1_wrapper_hw_platform_0.
17:40:52 INFO  : Successfully done setting SDK workspace  
17:41:02 INFO  : Processor reset is completed for microblaze_0
17:41:02 ERROR : No such port: COM26
17:41:21 INFO  : microblaze_0 Processor is in use. Please stop existing Run or Debug sessions before launching.
17:41:23 INFO  : Processor reset is completed for microblaze_0
17:42:57 INFO  : microblaze_0 Processor is in use. Please stop existing Run or Debug sessions before launching.
17:42:59 INFO  : Processor reset is completed for microblaze_0
17:59:49 INFO  : Processor reset is completed for microblaze_0
18:10:43 INFO  : Processor reset is completed for microblaze_0
18:21:35 INFO  : microblaze_0 Processor is in use. Please stop existing Run or Debug sessions before launching.
18:21:39 INFO  : Processor reset is completed for microblaze_0
16:40:09 ERROR : Unexpected error while parsing XMD response ?: com.google.gson.JsonSyntaxException: com.google.gson.stream.MalformedJsonException: invalid number or unquoted string near 
